#
# A fatal error has been detected by the Java Runtime Environment:
#
#  SIGSEGV (0xb) at pc=0x00007f115936a33f, pid=15198, tid=139712487151360
#
# JRE version: OpenJDK Runtime Environment (7.0_85-b01) (build 1.7.0_85-b01)
# Java VM: OpenJDK 64-Bit Server VM (24.85-b03 mixed mode linux-amd64 compressed oops)
# Derivative: IcedTea 2.6.1
# Distribution: Ubuntu 14.04 LTS, package 7u85-2.6.1-5ubuntu0.14.04.1
# Problematic frame:
# C  [libdds_java.so+0x7433f]  TOC_RBTree_query+0x1f
#
# Failed to write core dump. Core dumps have been disabled. To enable core dumping, try "ulimit -c unlimited" before starting Java again
#
# If you would like to submit a bug report, please include
# instructions on how to reproduce the bug and visit:
#   http://icedtea.classpath.org/bugzilla
# The crash happened outside the Java Virtual Machine in native code.
# See problematic frame for where to report the bug.
#

---------------  T H R E A D  ---------------

Current thread (0x00007f114c006800):  JavaThread "Thread-7" daemon [_thread_in_native, id=15220, stack(0x00007f115928d000,0x00007f11592ae000)]

siginfo:si_signo=SIGSEGV: si_errno=0, si_code=128 (), si_addr=0x0000000000000000

Registers:
RAX=0x00007f11401572e0, RBX=0x12d5e31000000001, RCX=0x0000000000000000, RDX=0x00007f1140147828
RSP=0x00007f11592abe40, RBP=0x00007f1140156120, RSI=0x00007f114c0083a0, RDI=0x00007f1140156120
R8 =0x0000000000000000, R9 =0x0000000000000002, R10=0x00007f11592abc30, R11=0x00007f11663ec930
R12=0x00007f1140155fb0, R13=0x00007f114c0083a0, R14=0x00007f11595df298, R15=0x00007f11592abeb0
RIP=0x00007f115936a33f, EFLAGS=0x0000000000010202, CSGSFS=0x0000000000000033, ERR=0x0000000000000000
  TRAPNO=0x000000000000000d

Top of Stack: (sp=0x00007f11592abe40)
0x00007f11592abe40:   00007f11401477b8 00007f1140154ce8
0x00007f11592abe50:   00007f114c0083a0 00007f11401548b0
0x00007f11592abe60:   00007f11592ac010 00007f1159372b4e
0x00007f11592abe70:   0000000500000005 00007f11592abe90
0x00007f11592abe80:   00007f1140154908 00007f11592ac014
0x00007f11592abe90:   5e3b00009397a8c0 c200010002000000
0x00007f11592abea0:   0000000000000008 00007f116684e515
0x00007f11592abeb0:   0000000045e5049a 00007f115936e0d0
0x00007f11592abec0:   00007f11592abfd0 00007f114016d528
0x00007f11592abed0:   00000000000000d4 0000000000000100
0x00007f11592abee0:   0000000000000104 00007f114016d558
0x00007f11592abef0:   00000000000000ec 00007f115936d852
0x00007f11592abf00:   0000000000000000 00007f1140154ce8
0x00007f11592abf10:   0000000000000007 00007f113c022558
0x00007f11592abf20:   00007f11592abfd0 00007f114016d500
0x00007f11592abf30:   00007f11592abfd8 00007f1159333d3f
0x00007f11592abf40:   00007f11592ac004 000000001b80e3c5
0x00007f11592abf50:   00007f11592abfe0 00007f1140154d14
0x00007f11592abf60:   00007f11592ac008 00007f11592ac018
0x00007f11592abf70:   00007f11592abfe8 00007f1140154cfc
0x00007f11592abf80:   00007f1166267d28 00007f11592abfe4
0x00007f11592abf90:   00007f116626a9c8 00007f11592ac010
0x00007f11592abfa0:   00007f1140154d08 00007f11592abfec
0x00007f11592abfb0:   00007f1140154d20 00007f11595dccd8
0x00007f11592abfc0:   0000000000000000 00007f1140154d30
0x00007f11592abfd0:   10460afb5763f3ca 00007f11592ac1ac
0x00007f11592abfe0:   00007f1140154ce8 00007f1166847557
0x00007f11592abff0:   0000000000000005 0000000000000000
0x00007f11592ac000:   00007f11592ac150 00007f116626f768
0x00007f11592ac010:   c2000100c7000100 0000000200000000
0x00007f11592ac020:   00007f114016d540 00007f0000000018
0x00007f11592ac030:   00007f114016d558 00000000000000d4 

Instructions: (pc=0x00007f115936a33f)
0x00007f115936a31f:   00 41 55 49 89 f5 41 54 55 48 89 fd 53 48 83 ec
0x00007f115936a32f:   08 48 8b 07 4c 8b 67 08 48 8b 18 4c 39 e3 74 1c
0x00007f115936a33f:   48 8b 7b 20 4c 89 ee ff 55 10 85 c0 74 10 83 f8
0x00007f115936a34f:   01 74 1e 48 8b 5b 08 4c 39 e3 75 e4 31 db 48 83 

Register to memory mapping:

RAX=0x00007f11401572e0 is an unknown value
RBX=0x12d5e31000000001 is an unknown value
RCX=0x0000000000000000 is an unknown value
RDX=0x00007f1140147828 is an unknown value
RSP=0x00007f11592abe40 is pointing into the stack for thread: 0x00007f114c006800
RBP=0x00007f1140156120 is an unknown value
RSI=0x00007f114c0083a0 is an unknown value
RDI=0x00007f1140156120 is an unknown value
R8 =0x0000000000000000 is an unknown value
R9 =0x0000000000000002 is an unknown value
R10=0x00007f11592abc30 is pointing into the stack for thread: 0x00007f114c006800
R11=0x00007f11663ec930: <offset 0x188930> in /lib/x86_64-linux-gnu/libc.so.6 at 0x00007f1166264000
R12=0x00007f1140155fb0 is an unknown value
R13=0x00007f114c0083a0 is an unknown value
R14=0x00007f11595df298: DDS_HANDLE_NIL+0 in /home/leandroalexandre/coredx-3.6.28-Evaluation/target/Linux_2.6_x86_64_gcc43/lib/libdds_java.so at 0x00007f11592f6000
R15=0x00007f11592abeb0 is pointing into the stack for thread: 0x00007f114c006800


Stack: [0x00007f115928d000,0x00007f11592ae000],  sp=0x00007f11592abe40,  free space=123k
Native frames: (J=compiled Java code, j=interpreted, Vv=VM code, C=native code)
C  [libdds_java.so+0x7433f]  TOC_RBTree_query+0x1f
C  0x00007f1140155fb0


---------------  P R O C E S S  ---------------

Java Threads: ( => current thread )
  0x00007f116010b000 JavaThread "Thread-9" daemon [_thread_in_native, id=15218, stack(0x00007f11592cf000,0x00007f11592f0000)]
  0x00007f115400c000 JavaThread "Thread-8" daemon [_thread_in_native, id=15221, stack(0x00007f115926c000,0x00007f115928d000)]
=>0x00007f114c006800 JavaThread "Thread-7" daemon [_thread_in_native, id=15220, stack(0x00007f115928d000,0x00007f11592ae000)]
  0x00007f113c0ca000 JavaThread "Thread-6" daemon [_thread_in_native, id=15219, stack(0x00007f11592ae000,0x00007f11592cf000)]
  0x00007f116000b800 JavaThread "DestroyJavaVM" [_thread_blocked, id=15204, stack(0x00007f116693d000,0x00007f1166a3e000)]
  0x00007f1160110000 JavaThread "Thread-4" [_thread_in_native, id=15217, stack(0x00007f11595e1000,0x00007f11596e2000)]
  0x00007f116010e000 JavaThread "Thread-3" [_thread_blocked, id=15216, stack(0x00007f11596e2000,0x00007f11597e3000)]
  0x00007f116010c800 JavaThread "Thread-2" [_thread_in_native, id=15215, stack(0x00007f1159803000,0x00007f1159904000)]
  0x00007f11600f5800 JavaThread "Thread-0" [_thread_in_native, id=15213, stack(0x00007f115b032000,0x00007f115b133000)]
  0x00007f11600a8000 JavaThread "Service Thread" daemon [_thread_blocked, id=15211, stack(0x00007f115b234000,0x00007f115b335000)]
  0x00007f11600a5800 JavaThread "C2 CompilerThread1" daemon [_thread_in_native, id=15210, stack(0x00007f115b335000,0x00007f115b436000)]
  0x00007f11600a3000 JavaThread "C2 CompilerThread0" daemon [_thread_blocked, id=15209, stack(0x00007f115b436000,0x00007f115b537000)]
  0x00007f11600a1000 JavaThread "Signal Dispatcher" daemon [_thread_blocked, id=15208, stack(0x00007f115b537000,0x00007f115b638000)]
  0x00007f1160074000 JavaThread "Finalizer" daemon [_thread_blocked, id=15207, stack(0x00007f115bd1a000,0x00007f115be1b000)]
  0x00007f1160072000 JavaThread "Reference Handler" daemon [_thread_blocked, id=15206, stack(0x00007f115be1b000,0x00007f115bf1c000)]

Other Threads:
  0x00007f116006d800 VMThread [stack: 0x00007f115bf1c000,0x00007f115c01d000] [id=15205]
  0x00007f11600b3000 WatcherThread [stack: 0x00007f115b133000,0x00007f115b234000] [id=15212]

VM state:not at safepoint (normal execution)

VM Mutex/Monitor currently owned by a thread: None

Heap
 def new generation   total 4672K, used 2342K [0x00000000d7000000, 0x00000000d7510000, 0x00000000e1350000)
  eden space 4160K,  43% used [0x00000000d7000000, 0x00000000d71c9880, 0x00000000d7410000)
  from space 512K, 100% used [0x00000000d7490000, 0x00000000d7510000, 0x00000000d7510000)
  to   space 512K,   0% used [0x00000000d7410000, 0x00000000d7410000, 0x00000000d7490000)
 tenured generation   total 10496K, used 180K [0x00000000e1350000, 0x00000000e1d90000, 0x00000000f5a00000)
   the space 10496K,   1% used [0x00000000e1350000, 0x00000000e137d2f8, 0x00000000e137d400, 0x00000000e1d90000)
 compacting perm gen  total 21248K, used 4883K [0x00000000f5a00000, 0x00000000f6ec0000, 0x0000000100000000)
   the space 21248K,  22% used [0x00000000f5a00000, 0x00000000f5ec4d58, 0x00000000f5ec4e00, 0x00000000f6ec0000)
No shared spaces configured.

Card table byte_map: [0x00007f1164098000,0x00007f11641e1000] byte_map_base: 0x00007f11639e0000

Polling page: 0x00007f1166a57000

Code Cache  [0x00007f115c38d000, 0x00007f115c5fd000, 0x00007f115f38d000)
 total_blobs=273 nmethods=20 adapters=207 free_code_cache=48700Kb largest_free_block=49855424

Compilation events (10 events):
Event: 0.324 Thread 0x00007f11600a3000 nmethod 14 0x00007f115c3f22d0 code [0x00007f115c3f2420, 0x00007f115c3f2578]
Event: 0.432 Thread 0x00007f11600a3000   15 %           java.lang.String::indexOf @ 69 (166 bytes)
Event: 0.436 Thread 0x00007f11600a3000 nmethod 15% 0x00007f115c3fb4d0 code [0x00007f115c3fb640, 0x00007f115c3fbb78]
Event: 0.469 Thread 0x00007f11600a5800   16             java.lang.String::indexOf (166 bytes)
Event: 0.479 Thread 0x00007f11600a5800 nmethod 16 0x00007f115c3f9110 code [0x00007f115c3f9260, 0x00007f115c3f9718]
Event: 0.480 Thread 0x00007f11600a3000   17             sun.net.www.ParseUtil::encodePath (336 bytes)
Event: 0.492 Thread 0x00007f11600a3000 nmethod 17 0x00007f115c3ffad0 code [0x00007f115c3ffca0, 0x00007f115c400540]
Event: 0.500 Thread 0x00007f11600a5800   19             java.lang.String::replace (127 bytes)
Event: 0.508 Thread 0x00007f11600a3000   20             java.lang.String::indexOf (70 bytes)
Event: 0.510 Thread 0x00007f11600a3000 nmethod 20 0x00007f115c3f99d0 code [0x00007f115c3f9b20, 0x00007f115c3f9c98]

GC Heap History (2 events):
Event: 0.393 GC heap before
{Heap before GC invocations=0 (full 0):
 def new generation   total 4672K, used 4154K [0x00000000d7000000, 0x00000000d7510000, 0x00000000e1350000)
  eden space 4160K,  99% used [0x00000000d7000000, 0x00000000d740e9c0, 0x00000000d7410000)
  from space 512K,   0% used [0x00000000d7410000, 0x00000000d7410000, 0x00000000d7490000)
  to   space 512K,   0% used [0x00000000d7490000, 0x00000000d7490000, 0x00000000d7510000)
 tenured generation   total 10496K, used 0K [0x00000000e1350000, 0x00000000e1d90000, 0x00000000f5a00000)
   the space 10496K,   0% used [0x00000000e1350000, 0x00000000e1350000, 0x00000000e1350200, 0x00000000e1d90000)
 compacting perm gen  total 21248K, used 3622K [0x00000000f5a00000, 0x00000000f6ec0000, 0x0000000100000000)
   the space 21248K,  17% used [0x00000000f5a00000, 0x00000000f5d899d8, 0x00000000f5d89a00, 0x00000000f6ec0000)
No shared spaces configured.
Event: 0.396 GC heap after
Heap after GC invocations=1 (full 0):
 def new generation   total 4672K, used 512K [0x00000000d7000000, 0x00000000d7510000, 0x00000000e1350000)
  eden space 4160K,   0% used [0x00000000d7000000, 0x00000000d7000000, 0x00000000d7410000)
  from space 512K, 100% used [0x00000000d7490000, 0x00000000d7510000, 0x00000000d7510000)
  to   space 512K,   0% used [0x00000000d7410000, 0x00000000d7410000, 0x00000000d7490000)
 tenured generation   total 10496K, used 180K [0x00000000e1350000, 0x00000000e1d90000, 0x00000000f5a00000)
   the space 10496K,   1% used [0x00000000e1350000, 0x00000000e137d2f8, 0x00000000e137d400, 0x00000000e1d90000)
 compacting perm gen  total 21248K, used 3622K [0x00000000f5a00000, 0x00000000f6ec0000, 0x0000000100000000)
   the space 21248K,  17% used [0x00000000f5a00000, 0x00000000f5d899d8, 0x00000000f5d89a00, 0x00000000f6ec0000)
No shared spaces configured.
}

Deoptimization events (4 events):
Event: 0.212 Thread 0x00007f116000b800 Uncommon trap: reason=unstable_if action=reinterpret pc=0x00007f115c3ed4cc method=java.lang.String.hashCode()I @ 14
Event: 0.410 Thread 0x00007f116010c800 Uncommon trap: reason=unstable_if action=reinterpret pc=0x00007f115c3f31b0 method=java.util.Properties$LineReader.readLine()I @ 369
Event: 0.416 Thread 0x00007f116010c800 Uncommon trap: reason=unstable_if action=reinterpret pc=0x00007f115c3f0024 method=java.lang.String.indexOf([CII[CIII)I @ 3
Event: 0.440 Thread 0x00007f116010e000 Uncommon trap: reason=unstable_if action=reinterpret pc=0x00007f115c3ec82c method=java.lang.String.indexOf(II)I @ 49

Internal exceptions (10 events):
Event: 0.488 Thread 0x00007f1160110000 Threw 0x00000000d715e958 at /build/openjdk-7-65SuYz/openjdk-7-7u85-2.6.1/build/openjdk/hotspot/src/share/vm/prims/jvm.cpp:1322
Event: 0.498 Thread 0x00007f11600f5800 Threw 0x00000000d712df70 at /build/openjdk-7-65SuYz/openjdk-7-7u85-2.6.1/build/openjdk/hotspot/src/share/vm/prims/jvm.cpp:1322
Event: 0.499 Thread 0x00007f11600f5800 Threw 0x00000000d7177be0 at /build/openjdk-7-65SuYz/openjdk-7-7u85-2.6.1/build/openjdk/hotspot/src/share/vm/prims/jvm.cpp:1322
Event: 0.500 Thread 0x00007f11600f5800 Threw 0x00000000d717e738 at /build/openjdk-7-65SuYz/openjdk-7-7u85-2.6.1/build/openjdk/hotspot/src/share/vm/prims/jvm.cpp:1322
Event: 0.507 Thread 0x00007f11600f5800 Threw 0x00000000d7186a28 at /build/openjdk-7-65SuYz/openjdk-7-7u85-2.6.1/build/openjdk/hotspot/src/share/vm/prims/jvm.cpp:1322
Event: 0.514 Thread 0x00007f1160110000 Threw 0x00000000d7165c08 at /build/openjdk-7-65SuYz/openjdk-7-7u85-2.6.1/build/openjdk/hotspot/src/share/vm/prims/jvm.cpp:1322
Event: 0.525 Thread 0x00007f11600f5800 Threw 0x00000000d718e868 at /build/openjdk-7-65SuYz/openjdk-7-7u85-2.6.1/build/openjdk/hotspot/src/share/vm/prims/jvm.cpp:1322
Event: 0.527 Thread 0x00007f11600f5800 Threw 0x00000000d7196c28 at /build/openjdk-7-65SuYz/openjdk-7-7u85-2.6.1/build/openjdk/hotspot/src/share/vm/prims/jvm.cpp:1322
Event: 0.532 Thread 0x00007f1160110000 Threw 0x00000000d716bdd8 at /build/openjdk-7-65SuYz/openjdk-7-7u85-2.6.1/build/openjdk/hotspot/src/share/vm/prims/jvm.cpp:1322
Event: 0.545 Thread 0x00007f1160110000 Threw 0x00000000d71a65d0 at /build/openjdk-7-65SuYz/openjdk-7-7u85-2.6.1/build/openjdk/hotspot/src/share/vm/prims/jvm.cpp:1322

Events (10 events):
Event: 0.542 loading class 0x00007f115c2d8980
Event: 0.543 loading class 0x00007f113c016d90
Event: 0.544 loading class 0x00007f113c016d90 done
Event: 0.544 loading class 0x00007f115000ca70
Event: 0.544 loading class 0x00007f115000ca70 done
Event: 0.544 loading class 0x00007f115c2d8980 done
Event: 0.544 loading class 0x00007f113c013aa0
Event: 0.545 loading class 0x00007f1148139c20
Event: 0.545 loading class 0x00007f1148139c20 done
Event: 0.545 loading class 0x00007f113c013a60


Dynamic libraries:
00400000-00401000 r-xp 00000000 08:01 1066011                            /usr/lib/jvm/java-7-openjdk-amd64/jre/bin/java
00600000-00601000 r--p 00000000 08:01 1066011                            /usr/lib/jvm/java-7-openjdk-amd64/jre/bin/java
00601000-00602000 rw-p 00001000 08:01 1066011                            /usr/lib/jvm/java-7-openjdk-amd64/jre/bin/java
00b5b000-00b7c000 rw-p 00000000 00:00 0                                  [heap]
d7000000-d7510000 rw-p 00000000 00:00 0 
d7510000-e1350000 rw-p 00000000 00:00 0 
e1350000-e1d90000 rw-p 00000000 00:00 0 
e1d90000-f5a00000 rw-p 00000000 00:00 0 
f5a00000-f6ec0000 rw-p 00000000 00:00 0 
f6ec0000-100000000 rw-p 00000000 00:00 0 
7f113c000000-7f113c129000 rw-p 00000000 00:00 0 
7f113c129000-7f1140000000 ---p 00000000 00:00 0 
7f1140000000-7f1140170000 rw-p 00000000 00:00 0 
7f1140170000-7f1144000000 ---p 00000000 00:00 0 
7f1144000000-7f1144021000 rw-p 00000000 00:00 0 
7f1144021000-7f1148000000 ---p 00000000 00:00 0 
7f1148000000-7f114815c000 rw-p 00000000 00:00 0 
7f114815c000-7f114c000000 ---p 00000000 00:00 0 
7f114c000000-7f114c021000 rw-p 00000000 00:00 0 
7f114c021000-7f1150000000 ---p 00000000 00:00 0 
7f1150000000-7f115003b000 rw-p 00000000 00:00 0 
7f115003b000-7f1154000000 ---p 00000000 00:00 0 
7f1154000000-7f1154021000 rw-p 00000000 00:00 0 
7f1154021000-7f1158000000 ---p 00000000 00:00 0 
7f115926c000-7f115926f000 ---p 00000000 00:00 0 
7f115926f000-7f115928d000 rw-p 00000000 00:00 0                          [stack:15221]
7f115928d000-7f1159290000 ---p 00000000 00:00 0 
7f1159290000-7f11592ae000 rw-p 00000000 00:00 0                          [stack:15220]
7f11592ae000-7f11592b1000 ---p 00000000 00:00 0 
7f11592b1000-7f11592cf000 rw-p 00000000 00:00 0                          [stack:15219]
7f11592cf000-7f11592d2000 ---p 00000000 00:00 0 
7f11592d2000-7f11592f0000 rw-p 00000000 00:00 0                          [stack:15218]
7f11592f1000-7f11592f6000 r--s 0004e000 08:01 1066087                    /usr/lib/jvm/java-7-openjdk-amd64/jre/lib/jsse.jar
7f11592f6000-7f11593d9000 r-xp 00000000 08:01 1065426                    /home/leandroalexandre/coredx-3.6.28-Evaluation/target/Linux_2.6_x86_64_gcc43/lib/libdds_java.so
7f11593d9000-7f11595d9000 ---p 000e3000 08:01 1065426                    /home/leandroalexandre/coredx-3.6.28-Evaluation/target/Linux_2.6_x86_64_gcc43/lib/libdds_java.so
7f11595d9000-7f11595db000 r--p 000e3000 08:01 1065426                    /home/leandroalexandre/coredx-3.6.28-Evaluation/target/Linux_2.6_x86_64_gcc43/lib/libdds_java.so
7f11595db000-7f11595df000 rw-p 000e5000 08:01 1065426                    /home/leandroalexandre/coredx-3.6.28-Evaluation/target/Linux_2.6_x86_64_gcc43/lib/libdds_java.so
7f11595df000-7f11595e1000 rw-p 00000000 00:00 0 
7f11595e1000-7f11595e4000 ---p 00000000 00:00 0 
7f11595e4000-7f11596e2000 rw-p 00000000 00:00 0                          [stack:15217]
7f11596e2000-7f11596e5000 ---p 00000000 00:00 0 
7f11596e5000-7f11597e3000 rw-p 00000000 00:00 0                          [stack:15216]
7f11597e3000-7f11597eb000 r--s 0004c000 00:1a 13826432                   /mnt/hgfs/Dropbox/Java/Libraries/coredx_dds.jar
7f11597eb000-7f11597ef000 r--s 00032000 00:1a 541436                     /mnt/hgfs/Dropbox/Java/Libraries/org.eclipse.emf.ecore.xmi.jar
7f11597ef000-7f11597ff000 r--s 0011d000 00:1a 539995                     /mnt/hgfs/Dropbox/Java/Libraries/org.eclipse.emf.ecore.jar
7f11597ff000-7f1159803000 r--s 0002a000 00:1a 548050                     /mnt/hgfs/Dropbox/Java/Libraries/org.eclipse.emf.common_2.4.0.v200806091234.jar
7f1159803000-7f1159806000 ---p 00000000 00:00 0 
7f1159806000-7f1159904000 rw-p 00000000 00:00 0                          [stack:15215]
7f1159904000-7f1159908000 r--s 00030000 00:1a 540005                     /mnt/hgfs/Dropbox/Java/Libraries/org.eclipse.emf.common.jar
7f1159908000-7f115990c000 r--s 0002e000 00:1a 539701                     /mnt/hgfs/Dropbox/Java/Libraries/common-2.5.0.jar
7f115990c000-7f115990f000 ---p 00000000 00:00 0 
7f115990f000-7f1159a0d000 rw-p 00000000 00:00 0 
7f1159a0d000-7f1159a12000 r--s 00048000 00:1a 527746                     /mnt/hgfs/Dropbox/Java/Libraries/XStream/dom4j-1.6.1.jar
7f1159a12000-7f1159a1f000 r--s 00075000 00:1a 530648                     /mnt/hgfs/Dropbox/Java/Libraries/XStream/xstream-1.4.7.jar
7f1159a1f000-7f1159a22000 r--s 00013000 08:01 296871                     /home/leandroalexandre/eclipse-Luna/plugins/org.eclipse.equinox.app_1.3.200.v20130910-1609.jar
7f1159a22000-7f1159a24000 r--s 00015000 08:01 297050                     /home/leandroalexandre/eclipse-Luna/plugins/org.eclipse.core.contenttype_3.4.200.v20140207-1251.jar
7f1159a24000-7f1159a28000 r--s 0001c000 08:01 296597                     /home/leandroalexandre/eclipse-Luna/plugins/org.eclipse.equinox.preferences_3.5.200.v20140224-1527.jar
7f1159a28000-7f1159a3c000 r--s 00121000 08:01 297366                     /home/leandroalexandre/eclipse-Luna/plugins/org.eclipse.osgi_3.10.2.v20150203-1939.jar
7f1159a3c000-7f1159a80000 r--s 00390000 08:01 296596                     /home/leandroalexandre/eclipse-Luna/plugins/org.eclipse.ui.workbench_3.106.2.v20150204-1030.jar
7f1159a80000-7f1159a95000 r--s 00107000 08:01 296848                     /home/leandroalexandre/eclipse-Luna/plugins/org.eclipse.jface_3.10.2.v20141021-1035.jar
7f1159a95000-7f1159ac6000 rw-p 00000000 00:00 0 
7f1159ac6000-7f1159b03000 r-xp 00000000 08:01 922029                     /lib/x86_64-linux-gnu/libpcre.so.3.13.1
7f1159b03000-7f1159d02000 ---p 0003d000 08:01 922029                     /lib/x86_64-linux-gnu/libpcre.so.3.13.1
7f1159d02000-7f1159d03000 r--p 0003c000 08:01 922029                     /lib/x86_64-linux-gnu/libpcre.so.3.13.1
7f1159d03000-7f1159d04000 rw-p 0003d000 08:01 922029                     /lib/x86_64-linux-gnu/libpcre.so.3.13.1
7f1159d04000-7f1159d0b000 r-xp 00000000 08:01 1055506                    /usr/lib/x86_64-linux-gnu/libffi.so.6.0.1
7f1159d0b000-7f1159f0a000 ---p 00007000 08:01 1055506                    /usr/lib/x86_64-linux-gnu/libffi.so.6.0.1
7f1159f0a000-7f1159f0b000 r--p 00006000 08:01 1055506                    /usr/lib/x86_64-linux-gnu/libffi.so.6.0.1
7f1159f0b000-7f1159f0c000 rw-p 00007000 08:01 1055506                    /usr/lib/x86_64-linux-gnu/libffi.so.6.0.1
7f1159f0c000-7f1159f23000 r-xp 00000000 08:01 922052                     /lib/x86_64-linux-gnu/libresolv-2.19.so
7f1159f23000-7f115a123000 ---p 00017000 08:01 922052                     /lib/x86_64-linux-gnu/libresolv-2.19.so
7f115a123000-7f115a124000 r--p 00017000 08:01 922052                     /lib/x86_64-linux-gnu/libresolv-2.19.so
7f115a124000-7f115a125000 rw-p 00018000 08:01 922052                     /lib/x86_64-linux-gnu/libresolv-2.19.so
7f115a125000-7f115a127000 rw-p 00000000 00:00 0 
7f115a127000-7f115a147000 r-xp 00000000 08:01 922056                     /lib/x86_64-linux-gnu/libselinux.so.1
7f115a147000-7f115a346000 ---p 00020000 08:01 922056                     /lib/x86_64-linux-gnu/libselinux.so.1
7f115a346000-7f115a347000 r--p 0001f000 08:01 922056                     /lib/x86_64-linux-gnu/libselinux.so.1
7f115a347000-7f115a348000 rw-p 00020000 08:01 922056                     /lib/x86_64-linux-gnu/libselinux.so.1
7f115a348000-7f115a34a000 rw-p 00000000 00:00 0 
7f115a34a000-7f115a34d000 r-xp 00000000 08:01 1055623                    /usr/lib/x86_64-linux-gnu/libgmodule-2.0.so.0.4000.0
7f115a34d000-7f115a54c000 ---p 00003000 08:01 1055623                    /usr/lib/x86_64-linux-gnu/libgmodule-2.0.so.0.4000.0
7f115a54c000-7f115a54d000 r--p 00002000 08:01 1055623                    /usr/lib/x86_64-linux-gnu/libgmodule-2.0.so.0.4000.0
7f115a54d000-7f115a54e000 rw-p 00003000 08:01 1055623                    /usr/lib/x86_64-linux-gnu/libgmodule-2.0.so.0.4000.0
7f115a54e000-7f115a654000 r-xp 00000000 08:01 921957                     /lib/x86_64-linux-gnu/libglib-2.0.so.0.4000.0
7f115a654000-7f115a853000 ---p 00106000 08:01 921957                     /lib/x86_64-linux-gnu/libglib-2.0.so.0.4000.0
7f115a853000-7f115a854000 r--p 00105000 08:01 921957                     /lib/x86_64-linux-gnu/libglib-2.0.so.0.4000.0
7f115a854000-7f115a855000 rw-p 00106000 08:01 921957                     /lib/x86_64-linux-gnu/libglib-2.0.so.0.4000.0
7f115a855000-7f115a856000 rw-p 00000000 00:00 0 
7f115a856000-7f115a8a5000 r-xp 00000000 08:01 1055639                    /usr/lib/x86_64-linux-gnu/libgobject-2.0.so.0.4000.0
7f115a8a5000-7f115aaa5000 ---p 0004f000 08:01 1055639                    /usr/lib/x86_64-linux-gnu/libgobject-2.0.so.0.4000.0
7f115aaa5000-7f115aaa6000 r--p 0004f000 08:01 1055639                    /usr/lib/x86_64-linux-gnu/libgobject-2.0.so.0.4000.0
7f115aaa6000-7f115aaa7000 rw-p 00050000 08:01 1055639                    /usr/lib/x86_64-linux-gnu/libgobject-2.0.so.0.4000.0
7f115aaa7000-7f115ac12000 r-xp 00000000 08:01 1055609                    /usr/lib/x86_64-linux-gnu/libgio-2.0.so.0.4000.0
7f115ac12000-7f115ae12000 ---p 0016b000 08:01 1055609                    /usr/lib/x86_64-linux-gnu/libgio-2.0.so.0.4000.0
7f115ae12000-7f115ae16000 r--p 0016b000 08:01 1055609                    /usr/lib/x86_64-linux-gnu/libgio-2.0.so.0.4000.0
7f115ae16000-7f115ae18000 rw-p 0016f000 08:01 1055609                    /usr/lib/x86_64-linux-gnu/libgio-2.0.so.0.4000.0
7f115ae18000-7f115ae1a000 rw-p 00000000 00:00 0 
7f115ae1a000-7f115ae31000 r-xp 00000000 08:01 1066074                    /usr/lib/jvm/java-7-openjdk-amd64/jre/lib/amd64/libnet.so
7f115ae31000-7f115b030000 ---p 00017000 08:01 1066074                    /usr/lib/jvm/java-7-openjdk-amd64/jre/lib/amd64/libnet.so
7f115b030000-7f115b031000 r--p 00016000 08:01 1066074                    /usr/lib/jvm/java-7-openjdk-amd64/jre/lib/amd64/libnet.so
7f115b031000-7f115b032000 rw-p 00017000 08:01 1066074                    /usr/lib/jvm/java-7-openjdk-amd64/jre/lib/amd64/libnet.so
7f115b032000-7f115b035000 ---p 00000000 00:00 0 
7f115b035000-7f115b133000 rw-p 00000000 00:00 0                          [stack:15213]
7f115b133000-7f115b134000 ---p 00000000 00:00 0 
7f115b134000-7f115b234000 rw-p 00000000 00:00 0                          [stack:15212]
7f115b234000-7f115b237000 ---p 00000000 00:00 0 
7f115b237000-7f115b335000 rw-p 00000000 00:00 0                          [stack:15211]
7f115b335000-7f115b338000 ---p 00000000 00:00 0 
7f115b338000-7f115b436000 rw-p 00000000 00:00 0                          [stack:15210]
7f115b436000-7f115b439000 ---p 00000000 00:00 0 
7f115b439000-7f115b537000 rw-p 00000000 00:00 0                          [stack:15209]
7f115b537000-7f115b53a000 ---p 00000000 00:00 0 
7f115b53a000-7f115b638000 rw-p 00000000 00:00 0                          [stack:15208]
7f115b638000-7f115bd1a000 r--p 00000000 08:01 1053108                    /usr/lib/locale/locale-archive
7f115bd1a000-7f115bd1d000 ---p 00000000 00:00 0 
7f115bd1d000-7f115be1b000 rw-p 00000000 00:00 0                          [stack:15207]
7f115be1b000-7f115be1e000 ---p 00000000 00:00 0 
7f115be1e000-7f115bf1c000 rw-p 00000000 00:00 0                          [stack:15206]
7f115bf1c000-7f115bf1d000 ---p 00000000 00:00 0 
7f115bf1d000-7f115c066000 rw-p 00000000 00:00 0                          [stack:15205]
7f115c066000-7f115c218000 r--s 01d30000 08:01 1066034                    /usr/lib/jvm/java-7-openjdk-amd64/jre/lib/rt.jar
7f115c218000-7f115c2ef000 rw-p 00000000 00:00 0 
7f115c2ef000-7f115c38d000 rw-p 00000000 00:00 0 
7f115c38d000-7f115c5fd000 rwxp 00000000 00:00 0 
7f115c5fd000-7f115f38d000 rw-p 00000000 00:00 0 
7f115f38d000-7f115f395000 r-xp 00000000 08:01 1066045                    /usr/lib/jvm/java-7-openjdk-amd64/jre/lib/amd64/libzip.so
7f115f395000-7f115f594000 ---p 00008000 08:01 1066045                    /usr/lib/jvm/java-7-openjdk-amd64/jre/lib/amd64/libzip.so
7f115f594000-7f115f595000 r--p 00007000 08:01 1066045                    /usr/lib/jvm/java-7-openjdk-amd64/jre/lib/amd64/libzip.so
7f115f595000-7f115f596000 rw-p 00008000 08:01 1066045                    /usr/lib/jvm/java-7-openjdk-amd64/jre/lib/amd64/libzip.so
7f115f596000-7f115f5a1000 r-xp 00000000 08:01 922001                     /lib/x86_64-linux-gnu/libnss_files-2.19.so
7f115f5a1000-7f115f7a0000 ---p 0000b000 08:01 922001                     /lib/x86_64-linux-gnu/libnss_files-2.19.so
7f115f7a0000-7f115f7a1000 r--p 0000a000 08:01 922001                     /lib/x86_64-linux-gnu/libnss_files-2.19.so
7f115f7a1000-7f115f7a2000 rw-p 0000b000 08:01 922001                     /lib/x86_64-linux-gnu/libnss_files-2.19.so
7f115f7a2000-7f115f7ad000 r-xp 00000000 08:01 922011                     /lib/x86_64-linux-gnu/libnss_nis-2.19.so
7f115f7ad000-7f115f9ac000 ---p 0000b000 08:01 922011                     /lib/x86_64-linux-gnu/libnss_nis-2.19.so
7f115f9ac000-7f115f9ad000 r--p 0000a000 08:01 922011                     /lib/x86_64-linux-gnu/libnss_nis-2.19.so
7f115f9ad000-7f115f9ae000 rw-p 0000b000 08:01 922011                     /lib/x86_64-linux-gnu/libnss_nis-2.19.so
7f115f9ae000-7f115f9c5000 r-xp 00000000 08:01 921995                     /lib/x86_64-linux-gnu/libnsl-2.19.so
7f115f9c5000-7f115fbc4000 ---p 00017000 08:01 921995                     /lib/x86_64-linux-gnu/libnsl-2.19.so
7f115fbc4000-7f115fbc5000 r--p 00016000 08:01 921995                     /lib/x86_64-linux-gnu/libnsl-2.19.so
7f115fbc5000-7f115fbc6000 rw-p 00017000 08:01 921995                     /lib/x86_64-linux-gnu/libnsl-2.19.so
7f115fbc6000-7f115fbc8000 rw-p 00000000 00:00 0 
7f115fbc8000-7f115fbd1000 r-xp 00000000 08:01 921997                     /lib/x86_64-linux-gnu/libnss_compat-2.19.so
7f115fbd1000-7f115fdd0000 ---p 00009000 08:01 921997                     /lib/x86_64-linux-gnu/libnss_compat-2.19.so
7f115fdd0000-7f115fdd1000 r--p 00008000 08:01 921997                     /lib/x86_64-linux-gnu/libnss_compat-2.19.so
7f115fdd1000-7f115fdd2000 rw-p 00009000 08:01 921997                     /lib/x86_64-linux-gnu/libnss_compat-2.19.so
7f115fdd2000-7f115fdfd000 r-xp 00000000 08:01 1066053                    /usr/lib/jvm/java-7-openjdk-amd64/jre/lib/amd64/libjava.so
7f115fdfd000-7f115fffd000 ---p 0002b000 08:01 1066053                    /usr/lib/jvm/java-7-openjdk-amd64/jre/lib/amd64/libjava.so
7f115fffd000-7f115fffe000 r--p 0002b000 08:01 1066053                    /usr/lib/jvm/java-7-openjdk-amd64/jre/lib/amd64/libjava.so
7f115fffe000-7f1160000000 rw-p 0002c000 08:01 1066053                    /usr/lib/jvm/java-7-openjdk-amd64/jre/lib/amd64/libjava.so
7f1160000000-7f1160118000 rw-p 00000000 00:00 0 
7f1160118000-7f1164000000 ---p 00000000 00:00 0 
7f1164000000-7f1164001000 r--s 00001000 00:1a 14665984                   /mnt/hgfs/Dropbox/Java/Libraries/XStream/xmlpull-1.1.3.1.jar
7f1164001000-7f1164005000 r--s 00029000 08:01 296491                     /home/leandroalexandre/eclipse-Luna/plugins/org.eclipse.equinox.registry_3.5.400.v20140428-1507.jar
7f1164005000-7f1164007000 r--s 00002000 08:01 567268                     /home/leandroalexandre/eclipse-Luna/plugins/org.eclipse.core.runtime.compatibility.registry_3.5.300.v20140128-0851/runtime_registry_compatibility.jar
7f1164007000-7f1164009000 r--s 00016000 08:01 297071                     /home/leandroalexandre/eclipse-Luna/plugins/org.eclipse.core.jobs_3.6.1.v20141014-1248.jar
7f1164009000-7f116400c000 r--s 00018000 08:01 297384                     /home/leandroalexandre/eclipse-Luna/plugins/org.eclipse.equinox.common_3.6.200.v20130402-1505.jar
7f116400c000-7f116400f000 r--s 00039000 08:01 296800                     /home/leandroalexandre/eclipse-Luna/plugins/org.eclipse.osgi.compatibility.state_1.0.1.v20140709-1414.jar
7f116400f000-7f1164010000 r--s 00002000 08:01 297259                     /home/leandroalexandre/eclipse-Luna/plugins/javax.inject_1.0.0.v20091030.jar
7f1164010000-7f1164011000 r--s 00006000 08:01 296982                     /home/leandroalexandre/eclipse-Luna/plugins/javax.annotation_1.2.0.v201401042248.jar
7f1164011000-7f1164013000 r--s 00011000 08:01 296643                     /home/leandroalexandre/eclipse-Luna/plugins/org.eclipse.core.runtime_3.10.0.v20140318-2214.jar
7f1164013000-7f1164014000 r--s 00002000 08:01 296850                     /home/leandroalexandre/eclipse-Luna/plugins/org.eclipse.e4.ui.workbench3_0.12.0.v20140227-2118.jar
7f1164014000-7f116401c000 r--s 0003a000 08:01 296869                     /home/leandroalexandre/eclipse-Luna/plugins/org.eclipse.ui_3.106.1.v20141002-1150.jar
7f116401c000-7f116404f000 rw-p 00000000 00:00 0 
7f116404f000-7f1164098000 rw-p 00000000 00:00 0 
7f1164098000-7f116409b000 rw-p 00000000 00:00 0 
7f116409b000-7f11640e9000 rw-p 00000000 00:00 0 
7f11640e9000-7f11640ef000 rw-p 00000000 00:00 0 
7f11640ef000-7f116418d000 rw-p 00000000 00:00 0 
7f116418d000-7f1164198000 rw-p 00000000 00:00 0 
7f1164198000-7f11641e0000 rw-p 00000000 00:00 0 
7f11641e0000-7f11641e1000 rw-p 00000000 00:00 0 
7f11641e1000-7f11641f1000 r-xp 00000000 08:01 1066069                    /usr/lib/jvm/java-7-openjdk-amd64/jre/lib/amd64/libverify.so
7f11641f1000-7f11643f0000 ---p 00010000 08:01 1066069                    /usr/lib/jvm/java-7-openjdk-amd64/jre/lib/amd64/libverify.so
7f11643f0000-7f11643f2000 r--p 0000f000 08:01 1066069                    /usr/lib/jvm/java-7-openjdk-amd64/jre/lib/amd64/libverify.so
7f11643f2000-7f11643f3000 rw-p 00011000 08:01 1066069                    /usr/lib/jvm/java-7-openjdk-amd64/jre/lib/amd64/libverify.so
7f11643f3000-7f11643fa000 r-xp 00000000 08:01 922054                     /lib/x86_64-linux-gnu/librt-2.19.so
7f11643fa000-7f11645f9000 ---p 00007000 08:01 922054                     /lib/x86_64-linux-gnu/librt-2.19.so
7f11645f9000-7f11645fa000 r--p 00006000 08:01 922054                     /lib/x86_64-linux-gnu/librt-2.19.so
7f11645fa000-7f11645fb000 rw-p 00007000 08:01 922054                     /lib/x86_64-linux-gnu/librt-2.19.so
7f11645fb000-7f1164611000 r-xp 00000000 08:01 921953                     /lib/x86_64-linux-gnu/libgcc_s.so.1
7f1164611000-7f1164810000 ---p 00016000 08:01 921953                     /lib/x86_64-linux-gnu/libgcc_s.so.1
7f1164810000-7f1164811000 rw-p 00015000 08:01 921953                     /lib/x86_64-linux-gnu/libgcc_s.so.1
7f1164811000-7f1164916000 r-xp 00000000 08:01 921976                     /lib/x86_64-linux-gnu/libm-2.19.so
7f1164916000-7f1164b15000 ---p 00105000 08:01 921976                     /lib/x86_64-linux-gnu/libm-2.19.so
7f1164b15000-7f1164b16000 r--p 00104000 08:01 921976                     /lib/x86_64-linux-gnu/libm-2.19.so
7f1164b16000-7f1164b17000 rw-p 00105000 08:01 921976                     /lib/x86_64-linux-gnu/libm-2.19.so
7f1164b17000-7f1164bfd000 r-xp 00000000 08:01 1056134                    /usr/lib/x86_64-linux-gnu/libstdc++.so.6.0.19
7f1164bfd000-7f1164dfc000 ---p 000e6000 08:01 1056134                    /usr/lib/x86_64-linux-gnu/libstdc++.so.6.0.19
7f1164dfc000-7f1164e04000 r--p 000e5000 08:01 1056134                    /usr/lib/x86_64-linux-gnu/libstdc++.so.6.0.19
7f1164e04000-7f1164e06000 rw-p 000ed000 08:01 1056134                    /usr/lib/x86_64-linux-gnu/libstdc++.so.6.0.19
7f1164e06000-7f1164e1b000 rw-p 00000000 00:00 0 
7f1164e1b000-7f116593f000 r-xp 00000000 08:01 1066060                    /usr/lib/jvm/java-7-openjdk-amd64/jre/lib/amd64/server/libjvm.so
7f116593f000-7f1165b3e000 ---p 00b24000 08:01 1066060                    /usr/lib/jvm/java-7-openjdk-amd64/jre/lib/amd64/server/libjvm.so
7f1165b3e000-7f1165bd8000 r--p 00b23000 08:01 1066060                    /usr/lib/jvm/java-7-openjdk-amd64/jre/lib/amd64/server/libjvm.so
7f1165bd8000-7f1165bfb000 rw-p 00bbd000 08:01 1066060                    /usr/lib/jvm/java-7-openjdk-amd64/jre/lib/amd64/server/libjvm.so
7f1165bfb000-7f1165c29000 rw-p 00000000 00:00 0 
7f1165c29000-7f1165c41000 r-xp 00000000 08:01 922089                     /lib/x86_64-linux-gnu/libz.so.1.2.8
7f1165c41000-7f1165e40000 ---p 00018000 08:01 922089                     /lib/x86_64-linux-gnu/libz.so.1.2.8
7f1165e40000-7f1165e41000 r--p 00017000 08:01 922089                     /lib/x86_64-linux-gnu/libz.so.1.2.8
7f1165e41000-7f1165e42000 rw-p 00018000 08:01 922089                     /lib/x86_64-linux-gnu/libz.so.1.2.8
7f1165e42000-7f1165e5b000 r-xp 00000000 08:01 922046                     /lib/x86_64-linux-gnu/libpthread-2.19.so
7f1165e5b000-7f116605a000 ---p 00019000 08:01 922046                     /lib/x86_64-linux-gnu/libpthread-2.19.so
7f116605a000-7f116605b000 r--p 00018000 08:01 922046                     /lib/x86_64-linux-gnu/libpthread-2.19.so
7f116605b000-7f116605c000 rw-p 00019000 08:01 922046                     /lib/x86_64-linux-gnu/libpthread-2.19.so
7f116605c000-7f1166060000 rw-p 00000000 00:00 0 
7f1166060000-7f1166063000 r-xp 00000000 08:01 921943                     /lib/x86_64-linux-gnu/libdl-2.19.so
7f1166063000-7f1166262000 ---p 00003000 08:01 921943                     /lib/x86_64-linux-gnu/libdl-2.19.so
7f1166262000-7f1166263000 r--p 00002000 08:01 921943                     /lib/x86_64-linux-gnu/libdl-2.19.so
7f1166263000-7f1166264000 rw-p 00003000 08:01 921943                     /lib/x86_64-linux-gnu/libdl-2.19.so
7f1166264000-7f1166420000 r-xp 00000000 08:01 921926                     /lib/x86_64-linux-gnu/libc-2.19.so
7f1166420000-7f116661f000 ---p 001bc000 08:01 921926                     /lib/x86_64-linux-gnu/libc-2.19.so
7f116661f000-7f1166623000 r--p 001bb000 08:01 921926                     /lib/x86_64-linux-gnu/libc-2.19.so
7f1166623000-7f1166625000 rw-p 001bf000 08:01 921926                     /lib/x86_64-linux-gnu/libc-2.19.so
7f1166625000-7f116662a000 rw-p 00000000 00:00 0 
7f116662a000-7f1166637000 r-xp 00000000 08:01 1066071                    /usr/lib/jvm/java-7-openjdk-amd64/jre/lib/amd64/jli/libjli.so
7f1166637000-7f1166836000 ---p 0000d000 08:01 1066071                    /usr/lib/jvm/java-7-openjdk-amd64/jre/lib/amd64/jli/libjli.so
7f1166836000-7f1166837000 r--p 0000c000 08:01 1066071                    /usr/lib/jvm/java-7-openjdk-amd64/jre/lib/amd64/jli/libjli.so
7f1166837000-7f1166838000 rw-p 0000d000 08:01 1066071                    /usr/lib/jvm/java-7-openjdk-amd64/jre/lib/amd64/jli/libjli.so
7f1166838000-7f116685b000 r-xp 00000000 08:01 921902                     /lib/x86_64-linux-gnu/ld-2.19.so
7f116685b000-7f116685e000 r--s 00018000 08:01 297145                     /home/leandroalexandre/eclipse-Luna/plugins/org.eclipse.core.commands_3.6.100.v20140528-1422.jar
7f116685e000-7f1166873000 r--s 00266000 08:01 296668                     /home/leandroalexandre/eclipse-Luna/plugins/org.eclipse.swt.gtk.linux.x86_64_3.103.2.v20150203-1351.jar
7f1166873000-7f1166874000 r--s 00004000 08:01 296842                     /home/leandroalexandre/eclipse-Luna/plugins/org.eclipse.swt_3.103.2.v20150203-1313.jar
7f1166874000-7f1166878000 r--s 0003c000 08:01 1066029                    /usr/lib/jvm/java-7-openjdk-amd64/jre/lib/ext/sunpkcs11.jar
7f1166878000-7f1166879000 r--s 00002000 08:01 1066030                    /usr/lib/jvm/java-7-openjdk-amd64/jre/lib/ext/dnsns.jar
7f1166879000-7f116687b000 r--s 00012000 08:01 1066025                    /usr/lib/jvm/java-7-openjdk-amd64/jre/lib/ext/zipfs.jar
7f116687b000-7f116687d000 r--s 00006000 08:01 143071                     /usr/share/java/java-atk-wrapper.jar
7f116687d000-7f1166887000 rw-p 00000000 00:00 0 
7f1166887000-7f116693d000 rw-p 00000000 00:00 0 
7f116693d000-7f1166940000 ---p 00000000 00:00 0 
7f1166940000-7f1166a43000 rw-p 00000000 00:00 0                          [stack:15204]
7f1166a43000-7f1166a47000 r--s 00034000 08:01 1066028                    /usr/lib/jvm/java-7-openjdk-amd64/jre/lib/ext/sunjce_provider.jar
7f1166a47000-7f1166a4a000 r--s 0000f000 08:01 1066027                    /usr/lib/jvm/java-7-openjdk-amd64/jre/lib/ext/icedtea-sound.jar
7f1166a4a000-7f1166a4e000 r--s 00085000 08:01 1066026                    /usr/lib/jvm/java-7-openjdk-amd64/jre/lib/ext/localedata.jar
7f1166a4e000-7f1166a56000 rw-s 00000000 08:01 1404                       /tmp/hsperfdata_leandroalexandre/15198
7f1166a56000-7f1166a57000 rw-p 00000000 00:00 0 
7f1166a57000-7f1166a58000 r--p 00000000 00:00 0 
7f1166a58000-7f1166a5a000 rw-p 00000000 00:00 0 
7f1166a5a000-7f1166a5b000 r--p 00022000 08:01 921902                     /lib/x86_64-linux-gnu/ld-2.19.so
7f1166a5b000-7f1166a5c000 rw-p 00023000 08:01 921902                     /lib/x86_64-linux-gnu/ld-2.19.so
7f1166a5c000-7f1166a5d000 rw-p 00000000 00:00 0 
7fff81954000-7fff81976000 rw-p 00000000 00:00 0                          [stack]
7fff819fe000-7fff81a00000 r-xp 00000000 00:00 0                          [vdso]
ffffffffff600000-ffffffffff601000 r-xp 00000000 00:00 0                  [vsyscall]

VM Arguments:
jvm_args: -Dfile.encoding=UTF-8 
java_command: twosvm.testing.StartTwoSvmClient
Launcher Type: SUN_STANDARD

Environment Variables:
JAVA_HOME=/usr/lib/jvm/java-7-openjdk-amd64
JRE_HOME=/usr/lib/jvm/java-7-openjdk-amd64/jre
PATH=/usr/games:/usr/local/sbin:/usr/local/bin:/usr/sbin:/usr/bin:/sbin:/bin:/usr/games:/usr/local/games::/home/leandroalexandre/coredx-3.6.28-Evaluation/host/Linux_2.6_x86_64_gcc43/bin:/home/leandroalexandre/coredx-3.6.28-Evaluation/target/Linux_2.6_x86_64_gcc43/lib
LD_LIBRARY_PATH=/home/leandroalexandre/coredx-3.6.28-Evaluation/target/Linux_2.6_x86_64_gcc43/lib
SHELL=/bin/bash
DISPLAY=:0.0

Signal Handlers:
SIGSEGV: [libjvm.so+0x954820], sa_mask[0]=0x7ffbfeff, sa_flags=0x10000004
SIGBUS: [libjvm.so+0x954820], sa_mask[0]=0x7ffbfeff, sa_flags=0x10000004
SIGFPE: [libjvm.so+0x7cb150], sa_mask[0]=0x7ffbfeff, sa_flags=0x10000004
SIGPIPE: [libjvm.so+0x7cb150], sa_mask[0]=0x7ffbfeff, sa_flags=0x10000004
SIGXFSZ: [libjvm.so+0x7cb150], sa_mask[0]=0x7ffbfeff, sa_flags=0x10000004
SIGILL: [libjvm.so+0x7cb150], sa_mask[0]=0x7ffbfeff, sa_flags=0x10000004
SIGUSR1: SIG_DFL, sa_mask[0]=0x00000000, sa_flags=0x00000000
SIGUSR2: [libjvm.so+0x7caff0], sa_mask[0]=0x00000004, sa_flags=0x10000004
SIGHUP: [libjvm.so+0x7cb1d0], sa_mask[0]=0x7ffbfeff, sa_flags=0x10000004
SIGINT: [libjvm.so+0x7cb1d0], sa_mask[0]=0x7ffbfeff, sa_flags=0x10000004
SIGTERM: [libjvm.so+0x7cb1d0], sa_mask[0]=0x7ffbfeff, sa_flags=0x10000004
SIGQUIT: [libjvm.so+0x7cb1d0], sa_mask[0]=0x7ffbfeff, sa_flags=0x10000004
SIGTRAP: SIG_DFL, sa_mask[0]=0x00000000, sa_flags=0x00000000


---------------  S Y S T E M  ---------------

OS:Ubuntu 14.04 (trusty)
uname:Linux 3.13.0-32-generic #57-Ubuntu SMP Tue Jul 15 03:51:08 UTC 2014 x86_64
libc:glibc 2.19 NPTL 2.19 
rlimit: STACK 8192k, CORE 0k, NPROC 7667, NOFILE 4096, AS infinity
load average:0.24 0.27 0.30

/proc/meminfo:
MemTotal:        1003036 kB
MemFree:           70084 kB
Buffers:             224 kB
Cached:            48232 kB
SwapCached:        23752 kB
Active:           319604 kB
Inactive:         314364 kB
Active(anon):     291776 kB
Inactive(anon):   295220 kB
Active(file):      27828 kB
Inactive(file):    19144 kB
Unevictable:          32 kB
Mlocked:              32 kB
SwapTotal:       1046524 kB
SwapFree:         665304 kB
Dirty:                72 kB
Writeback:             0 kB
AnonPages:        574468 kB
Mapped:            32280 kB
Shmem:              1400 kB
Slab:              63672 kB
SReclaimable:      20192 kB
SUnreclaim:        43480 kB
KernelStack:        6360 kB
PageTables:        28472 kB
NFS_Unstable:          0 kB
Bounce:                0 kB
WritebackTmp:          0 kB
CommitLimit:     1548040 kB
Committed_AS:    3255056 kB
VmallocTotal:   34359738367 kB
VmallocUsed:      170060 kB
VmallocChunk:   34359537068 kB
HardwareCorrupted:     0 kB
AnonHugePages:    280576 kB
HugePages_Total:       0
HugePages_Free:        0
HugePages_Rsvd:        0
HugePages_Surp:        0
Hugepagesize:       2048 kB
DirectMap4k:       46976 kB
DirectMap2M:     1001472 kB


CPU:total 1 (1 cores per cpu, 1 threads per core) family 6 model 58 stepping 9, cmov, cx8, fxsr, mmx, sse, sse2, sse3, ssse3, sse4.1, sse4.2, popcnt, avx, aes, erms, tsc, tscinvbit, tscinv

/proc/cpuinfo:
processor	: 0
vendor_id	: GenuineIntel
cpu family	: 6
model		: 58
model name	: Intel(R) Core(TM) i7-3720QM CPU @ 2.60GHz
stepping	: 9
microcode	: 0x15
cpu MHz		: 2594.001
cache size	: 6144 KB
physical id	: 0
siblings	: 1
core id		: 0
cpu cores	: 1
apicid		: 0
initial apicid	: 0
fpu		: yes
fpu_exception	: yes
cpuid level	: 13
wp		: yes
flags		: fpu vme de pse tsc msr pae mce cx8 apic sep mtrr pge mca cmov pat pse36 clflush dts mmx fxsr sse sse2 ss syscall nx rdtscp lm constant_tsc arch_perfmon pebs bts nopl xtopology tsc_reliable nonstop_tsc aperfmperf pni pclmulqdq ssse3 cx16 pcid sse4_1 sse4_2 x2apic popcnt tsc_deadline_timer aes xsave avx f16c rdrand hypervisor lahf_lm ida arat epb pln pts dtherm fsgsbase tsc_adjust smep
bogomips	: 5188.00
clflush size	: 64
cache_alignment	: 64
address sizes	: 42 bits physical, 48 bits virtual
power management:



Memory: 4k page, physical 1003036k(70084k free), swap 1046524k(665304k free)

vm_info: OpenJDK 64-Bit Server VM (24.85-b03) for linux-amd64 JRE (1.7.0_85-b01), built on Oct 22 2015 06:46:50 by "buildd" with gcc 4.8.2

time: Fri Jun 17 09:57:46 2016
elapsed time: 0 seconds

